<?xml version="1.0" encoding="UTF-8"?>
<coverage generated="1589927283221" clover="3.2.0">
  <project timestamp="1589927283221" name="All files">
    <metrics statements="10" coveredstatements="9" conditionals="9" coveredconditionals="7" methods="3" coveredmethods="3" elements="22" coveredelements="19" complexity="0" loc="10" ncloc="10" packages="1" files="1" classes="1"/>
    <file name="input.js" path="/mnt/c/Users/Student 60/codefellows/401/note/lib/input.js">
      <metrics statements="10" coveredstatements="9" conditionals="9" coveredconditionals="7" methods="3" coveredmethods="3"/>
      <line num="4" count="1" type="stmt"/>
      <line num="14" count="3" type="stmt"/>
      <line num="15" count="3" type="stmt"/>
      <line num="19" count="7" type="cond" truecount="4" falsecount="0"/>
      <line num="20" count="2" type="cond" truecount="2" falsecount="0"/>
      <line num="22" count="5" type="stmt"/>
      <line num="25" count="3" type="cond" truecount="1" falsecount="1"/>
      <line num="26" count="0" type="stmt"/>
      <line num="29" count="3" type="stmt"/>
      <line num="35" count="1" type="stmt"/>
    </file>
  </project>
</coverage>
