{"/mnt/c/Users/Student 60/codefellows/401/note/lib/input.js": {"path":"/mnt/c/Users/Student 60/codefellows/401/note/lib/input.js","statementMap":{"0":{"start":{"line":4,"column":17},"end":{"line":4,"column":36}},"1":{"start":{"line":14,"column":17},"end":{"line":14,"column":48}},"2":{"start":{"line":15,"column":4},"end":{"line":15,"column":39}},"3":{"start":{"line":19,"column":4},"end":{"line":22,"column":64}},"4":{"start":{"line":20,"column":6},"end":{"line":20,"column":50}},"5":{"start":{"line":22,"column":10},"end":{"line":22,"column":62}},"6":{"start":{"line":25,"column":4},"end":{"line":30,"column":5}},"7":{"start":{"line":26,"column":6},"end":{"line":26,"column":47}},"8":{"start":{"line":29,"column":6},"end":{"line":29,"column":50}},"9":{"start":{"line":35,"column":0},"end":{"line":35,"column":23}}},"fnMap":{"0":{"name":"(anonymous_0)","decl":{"start":{"line":13,"column":2},"end":{"line":13,"column":3}},"loc":{"start":{"line":13,"column":15},"end":{"line":16,"column":3}},"line":13},"1":{"name":"(anonymous_1)","decl":{"start":{"line":18,"column":2},"end":{"line":18,"column":3}},"loc":{"start":{"line":18,"column":19},"end":{"line":23,"column":3}},"line":18},"2":{"name":"(anonymous_2)","decl":{"start":{"line":24,"column":2},"end":{"line":24,"column":3}},"loc":{"start":{"line":24,"column":23},"end":{"line":31,"column":3}},"line":24}},"branchMap":{"0":{"loc":{"start":{"line":19,"column":4},"end":{"line":22,"column":64}},"type":"if","locations":[{"start":{"line":19,"column":4},"end":{"line":22,"column":64}},{"start":{"line":19,"column":4},"end":{"line":22,"column":64}}],"line":19},"1":{"loc":{"start":{"line":19,"column":8},"end":{"line":19,"column":30}},"type":"binary-expr","locations":[{"start":{"line":19,"column":8},"end":{"line":19,"column":16}},{"start":{"line":19,"column":20},"end":{"line":19,"column":30}}],"line":19},"2":{"loc":{"start":{"line":20,"column":26},"end":{"line":20,"column":48}},"type":"binary-expr","locations":[{"start":{"line":20,"column":26},"end":{"line":20,"column":34}},{"start":{"line":20,"column":38},"end":{"line":20,"column":48}}],"line":20},"3":{"loc":{"start":{"line":24,"column":10},"end":{"line":24,"column":22}},"type":"default-arg","locations":[{"start":{"line":24,"column":20},"end":{"line":24,"column":22}}],"line":24},"4":{"loc":{"start":{"line":25,"column":4},"end":{"line":30,"column":5}},"type":"if","locations":[{"start":{"line":25,"column":4},"end":{"line":30,"column":5}},{"start":{"line":25,"column":4},"end":{"line":30,"column":5}}],"line":25}},"s":{"0":1,"1":3,"2":3,"3":7,"4":2,"5":5,"6":3,"7":0,"8":3,"9":1},"f":{"0":3,"1":7,"2":3},"b":{"0":[2,5],"1":[7,6],"2":[2,1],"3":[0],"4":[0,3]},"_coverageSchema":"1a1c01bbd47fc00a2c39e90264f33305004495a9","hash":"2c1c769b58f4ba5a80cf0883203a62d90662d2c7"}
,"/mnt/c/Users/Student 60/codefellows/401/note/lib/notes.js": {"path":"/mnt/c/Users/Student 60/codefellows/401/note/lib/notes.js","statementMap":{"0":{"start":{"line":4,"column":2},"end":{"line":4,"column":21}},"1":{"start":{"line":7,"column":0},"end":{"line":12,"column":2}},"2":{"start":{"line":8,"column":2},"end":{"line":11,"column":35}},"3":{"start":{"line":9,"column":4},"end":{"line":9,"column":19}},"4":{"start":{"line":11,"column":8},"end":{"line":11,"column":33}},"5":{"start":{"line":14,"column":0},"end":{"line":20,"column":2}},"6":{"start":{"line":15,"column":2},"end":{"line":15,"column":34}},"7":{"start":{"line":16,"column":2},"end":{"line":16,"column":41}},"8":{"start":{"line":18,"column":2},"end":{"line":18,"column":58}},"9":{"start":{"line":19,"column":2},"end":{"line":19,"column":44}},"10":{"start":{"line":22,"column":0},"end":{"line":22,"column":23}}},"fnMap":{"0":{"name":"Notes","decl":{"start":{"line":3,"column":9},"end":{"line":3,"column":14}},"loc":{"start":{"line":3,"column":21},"end":{"line":5,"column":1}},"line":3},"1":{"name":"(anonymous_1)","decl":{"start":{"line":7,"column":26},"end":{"line":7,"column":27}},"loc":{"start":{"line":7,"column":40},"end":{"line":12,"column":1}},"line":7},"2":{"name":"(anonymous_2)","decl":{"start":{"line":14,"column":22},"end":{"line":14,"column":23}},"loc":{"start":{"line":14,"column":37},"end":{"line":20,"column":1}},"line":14}},"branchMap":{"0":{"loc":{"start":{"line":8,"column":2},"end":{"line":11,"column":35}},"type":"if","locations":[{"start":{"line":8,"column":2},"end":{"line":11,"column":35}},{"start":{"line":8,"column":2},"end":{"line":11,"column":35}}],"line":8}},"s":{"0":3,"1":1,"2":3,"3":1,"4":2,"5":1,"6":1,"7":1,"8":1,"9":1,"10":1},"f":{"0":3,"1":3,"2":1},"b":{"0":[1,2]},"_coverageSchema":"1a1c01bbd47fc00a2c39e90264f33305004495a9","hash":"92016d4b23713c4b89ae996c9ace83103dc68cb2"}
}
