{"/mnt/c/Users/Student 60/codefellows/401/note/lib/input.js": {"path":"/mnt/c/Users/Student 60/codefellows/401/note/lib/input.js","statementMap":{"0":{"start":{"line":4,"column":17},"end":{"line":4,"column":36}},"1":{"start":{"line":10,"column":17},"end":{"line":10,"column":48}},"2":{"start":{"line":11,"column":4},"end":{"line":11,"column":39}},"3":{"start":{"line":15,"column":4},"end":{"line":17,"column":5}},"4":{"start":{"line":16,"column":6},"end":{"line":16,"column":68}},"5":{"start":{"line":17,"column":6},"end":{"line":19,"column":5}},"6":{"start":{"line":18,"column":6},"end":{"line":18,"column":55}},"7":{"start":{"line":19,"column":6},"end":{"line":20,"column":54}},"8":{"start":{"line":20,"column":6},"end":{"line":20,"column":53}},"9":{"start":{"line":21,"column":4},"end":{"line":25,"column":53}},"10":{"start":{"line":23,"column":6},"end":{"line":23,"column":63}},"11":{"start":{"line":25,"column":10},"end":{"line":25,"column":51}},"12":{"start":{"line":28,"column":4},"end":{"line":34,"column":5}},"13":{"start":{"line":29,"column":6},"end":{"line":29,"column":71}},"14":{"start":{"line":33,"column":6},"end":{"line":33,"column":47}},"15":{"start":{"line":38,"column":4},"end":{"line":38,"column":32}},"16":{"start":{"line":39,"column":4},"end":{"line":43,"column":5}},"17":{"start":{"line":40,"column":6},"end":{"line":40,"column":61}},"18":{"start":{"line":42,"column":6},"end":{"line":42,"column":47}},"19":{"start":{"line":48,"column":0},"end":{"line":48,"column":23}}},"fnMap":{"0":{"name":"(anonymous_0)","decl":{"start":{"line":9,"column":2},"end":{"line":9,"column":3}},"loc":{"start":{"line":9,"column":15},"end":{"line":12,"column":3}},"line":9},"1":{"name":"(anonymous_1)","decl":{"start":{"line":14,"column":2},"end":{"line":14,"column":3}},"loc":{"start":{"line":14,"column":19},"end":{"line":26,"column":3}},"line":14},"2":{"name":"(anonymous_2)","decl":{"start":{"line":27,"column":2},"end":{"line":27,"column":3}},"loc":{"start":{"line":27,"column":35},"end":{"line":35,"column":3}},"line":27},"3":{"name":"(anonymous_3)","decl":{"start":{"line":37,"column":2},"end":{"line":37,"column":3}},"loc":{"start":{"line":37,"column":26},"end":{"line":44,"column":3}},"line":37}},"branchMap":{"0":{"loc":{"start":{"line":15,"column":4},"end":{"line":17,"column":5}},"type":"if","locations":[{"start":{"line":15,"column":4},"end":{"line":17,"column":5}},{"start":{"line":15,"column":4},"end":{"line":17,"column":5}}],"line":15},"1":{"loc":{"start":{"line":15,"column":8},"end":{"line":15,"column":30}},"type":"binary-expr","locations":[{"start":{"line":15,"column":8},"end":{"line":15,"column":16}},{"start":{"line":15,"column":20},"end":{"line":15,"column":30}}],"line":15},"2":{"loc":{"start":{"line":16,"column":26},"end":{"line":16,"column":48}},"type":"binary-expr","locations":[{"start":{"line":16,"column":26},"end":{"line":16,"column":34}},{"start":{"line":16,"column":38},"end":{"line":16,"column":48}}],"line":16},"3":{"loc":{"start":{"line":17,"column":6},"end":{"line":19,"column":5}},"type":"if","locations":[{"start":{"line":17,"column":6},"end":{"line":19,"column":5}},{"start":{"line":17,"column":6},"end":{"line":19,"column":5}}],"line":17},"4":{"loc":{"start":{"line":19,"column":6},"end":{"line":20,"column":54}},"type":"if","locations":[{"start":{"line":19,"column":6},"end":{"line":20,"column":54}},{"start":{"line":19,"column":6},"end":{"line":20,"column":54}}],"line":19},"5":{"loc":{"start":{"line":21,"column":4},"end":{"line":25,"column":53}},"type":"if","locations":[{"start":{"line":21,"column":4},"end":{"line":25,"column":53}},{"start":{"line":21,"column":4},"end":{"line":25,"column":53}}],"line":21},"6":{"loc":{"start":{"line":21,"column":7},"end":{"line":21,"column":32}},"type":"binary-expr","locations":[{"start":{"line":21,"column":7},"end":{"line":21,"column":20}},{"start":{"line":21,"column":24},"end":{"line":21,"column":32}}],"line":21},"7":{"loc":{"start":{"line":23,"column":38},"end":{"line":23,"column":61}},"type":"binary-expr","locations":[{"start":{"line":23,"column":38},"end":{"line":23,"column":46}},{"start":{"line":23,"column":48},"end":{"line":23,"column":61}}],"line":23},"8":{"loc":{"start":{"line":27,"column":10},"end":{"line":27,"column":22}},"type":"default-arg","locations":[{"start":{"line":27,"column":20},"end":{"line":27,"column":22}}],"line":27},"9":{"loc":{"start":{"line":28,"column":4},"end":{"line":34,"column":5}},"type":"if","locations":[{"start":{"line":28,"column":4},"end":{"line":34,"column":5}},{"start":{"line":28,"column":4},"end":{"line":34,"column":5}}],"line":28},"10":{"loc":{"start":{"line":28,"column":8},"end":{"line":28,"column":42}},"type":"binary-expr","locations":[{"start":{"line":28,"column":8},"end":{"line":28,"column":25}},{"start":{"line":28,"column":29},"end":{"line":28,"column":42}}],"line":28},"11":{"loc":{"start":{"line":37,"column":10},"end":{"line":37,"column":21}},"type":"default-arg","locations":[{"start":{"line":37,"column":19},"end":{"line":37,"column":21}}],"line":37},"12":{"loc":{"start":{"line":39,"column":4},"end":{"line":43,"column":5}},"type":"if","locations":[{"start":{"line":39,"column":4},"end":{"line":43,"column":5}},{"start":{"line":39,"column":4},"end":{"line":43,"column":5}}],"line":39},"13":{"loc":{"start":{"line":39,"column":7},"end":{"line":39,"column":41}},"type":"binary-expr","locations":[{"start":{"line":39,"column":7},"end":{"line":39,"column":25}},{"start":{"line":39,"column":29},"end":{"line":39,"column":41}}],"line":39}},"s":{"0":1,"1":3,"2":3,"3":7,"4":2,"5":5,"6":0,"7":5,"8":0,"9":5,"10":0,"11":5,"12":3,"13":3,"14":0,"15":0,"16":0,"17":0,"18":0,"19":1},"f":{"0":3,"1":7,"2":3,"3":0},"b":{"0":[2,5],"1":[7,6],"2":[2,1],"3":[0,5],"4":[0,5],"5":[0,5],"6":[5,5],"7":[0,0],"8":[0],"9":[3,0],"10":[3,3],"11":[0],"12":[0,0],"13":[0,0]},"_coverageSchema":"1a1c01bbd47fc00a2c39e90264f33305004495a9","hash":"8a80c2a7de7ef05f726eb22ba05ad6635e445218"}
,"/mnt/c/Users/Student 60/codefellows/401/note/lib/notes.js": {"path":"/mnt/c/Users/Student 60/codefellows/401/note/lib/notes.js","statementMap":{"0":{"start":{"line":4,"column":23},"end":{"line":4,"column":59}},"1":{"start":{"line":6,"column":26},"end":{"line":6,"column":46}},"2":{"start":{"line":15,"column":4},"end":{"line":17,"column":5}},"3":{"start":{"line":16,"column":6},"end":{"line":16,"column":28}},"4":{"start":{"line":17,"column":6},"end":{"line":19,"column":5}},"5":{"start":{"line":18,"column":6},"end":{"line":18,"column":29}},"6":{"start":{"line":20,"column":4},"end":{"line":21,"column":32}},"7":{"start":{"line":21,"column":6},"end":{"line":21,"column":31}},"8":{"start":{"line":22,"column":4},"end":{"line":23,"column":32}},"9":{"start":{"line":23,"column":6},"end":{"line":23,"column":31}},"10":{"start":{"line":27,"column":19},"end":{"line":27,"column":80}},"11":{"start":{"line":31,"column":4},"end":{"line":31,"column":45}},"12":{"start":{"line":37,"column":4},"end":{"line":37,"column":59}},"13":{"start":{"line":43,"column":17},"end":{"line":43,"column":66}},"14":{"start":{"line":44,"column":4},"end":{"line":44,"column":37}},"15":{"start":{"line":45,"column":4},"end":{"line":45,"column":62}},"16":{"start":{"line":49,"column":20},"end":{"line":49,"column":47}},"17":{"start":{"line":51,"column":13},"end":{"line":51,"column":22}},"18":{"start":{"line":52,"column":4},"end":{"line":57,"column":5}},"19":{"start":{"line":54,"column":6},"end":{"line":54,"column":51}},"20":{"start":{"line":56,"column":6},"end":{"line":56,"column":42}},"21":{"start":{"line":58,"column":4},"end":{"line":58,"column":29}},"22":{"start":{"line":64,"column":4},"end":{"line":72,"column":5}},"23":{"start":{"line":65,"column":6},"end":{"line":69,"column":9}},"24":{"start":{"line":66,"column":8},"end":{"line":66,"column":42}},"25":{"start":{"line":67,"column":8},"end":{"line":67,"column":71}},"26":{"start":{"line":68,"column":8},"end":{"line":68,"column":58}},"27":{"start":{"line":71,"column":6},"end":{"line":71,"column":41}},"28":{"start":{"line":79,"column":0},"end":{"line":79,"column":23}}},"fnMap":{"0":{"name":"(anonymous_0)","decl":{"start":{"line":9,"column":2},"end":{"line":9,"column":3}},"loc":{"start":{"line":9,"column":16},"end":{"line":11,"column":3}},"line":9},"1":{"name":"(anonymous_1)","decl":{"start":{"line":14,"column":2},"end":{"line":14,"column":3}},"loc":{"start":{"line":14,"column":22},"end":{"line":24,"column":3}},"line":14},"2":{"name":"(anonymous_2)","decl":{"start":{"line":26,"column":2},"end":{"line":26,"column":3}},"loc":{"start":{"line":26,"column":18},"end":{"line":34,"column":3}},"line":26},"3":{"name":"(anonymous_3)","decl":{"start":{"line":36,"column":2},"end":{"line":36,"column":3}},"loc":{"start":{"line":36,"column":29},"end":{"line":38,"column":3}},"line":36},"4":{"name":"(anonymous_4)","decl":{"start":{"line":42,"column":2},"end":{"line":42,"column":3}},"loc":{"start":{"line":42,"column":20},"end":{"line":46,"column":3}},"line":42},"5":{"name":"(anonymous_5)","decl":{"start":{"line":48,"column":2},"end":{"line":48,"column":3}},"loc":{"start":{"line":48,"column":26},"end":{"line":59,"column":3}},"line":48},"6":{"name":"(anonymous_6)","decl":{"start":{"line":61,"column":2},"end":{"line":61,"column":3}},"loc":{"start":{"line":61,"column":22},"end":{"line":73,"column":3}},"line":61},"7":{"name":"(anonymous_7)","decl":{"start":{"line":65,"column":19},"end":{"line":65,"column":20}},"loc":{"start":{"line":65,"column":30},"end":{"line":69,"column":7}},"line":65}},"branchMap":{"0":{"loc":{"start":{"line":15,"column":4},"end":{"line":17,"column":5}},"type":"if","locations":[{"start":{"line":15,"column":4},"end":{"line":17,"column":5}},{"start":{"line":15,"column":4},"end":{"line":17,"column":5}}],"line":15},"1":{"loc":{"start":{"line":17,"column":6},"end":{"line":19,"column":5}},"type":"if","locations":[{"start":{"line":17,"column":6},"end":{"line":19,"column":5}},{"start":{"line":17,"column":6},"end":{"line":19,"column":5}}],"line":17},"2":{"loc":{"start":{"line":20,"column":4},"end":{"line":21,"column":32}},"type":"if","locations":[{"start":{"line":20,"column":4},"end":{"line":21,"column":32}},{"start":{"line":20,"column":4},"end":{"line":21,"column":32}}],"line":20},"3":{"loc":{"start":{"line":22,"column":4},"end":{"line":23,"column":32}},"type":"if","locations":[{"start":{"line":22,"column":4},"end":{"line":23,"column":32}},{"start":{"line":22,"column":4},"end":{"line":23,"column":32}}],"line":22},"4":{"loc":{"start":{"line":52,"column":4},"end":{"line":57,"column":5}},"type":"if","locations":[{"start":{"line":52,"column":4},"end":{"line":57,"column":5}},{"start":{"line":52,"column":4},"end":{"line":57,"column":5}}],"line":52},"5":{"loc":{"start":{"line":64,"column":4},"end":{"line":72,"column":5}},"type":"if","locations":[{"start":{"line":64,"column":4},"end":{"line":72,"column":5}},{"start":{"line":64,"column":4},"end":{"line":72,"column":5}}],"line":64}},"s":{"0":1,"1":1,"2":4,"3":1,"4":3,"5":1,"6":2,"7":1,"8":1,"9":1,"10":2,"11":2,"12":2,"13":2,"14":2,"15":2,"16":3,"17":3,"18":3,"19":0,"20":3,"21":0,"22":0,"23":0,"24":0,"25":0,"26":0,"27":0,"28":1},"f":{"0":9,"1":4,"2":2,"3":2,"4":2,"5":3,"6":0,"7":0},"b":{"0":[1,3],"1":[1,2],"2":[1,1],"3":[1,0],"4":[0,3],"5":[0,0]},"_coverageSchema":"1a1c01bbd47fc00a2c39e90264f33305004495a9","hash":"38e86a2ad4e3a1ff9e7486717f04d09b5f517d16"}
,"/mnt/c/Users/Student 60/codefellows/401/note/model/notes-collection.js": {"path":"/mnt/c/Users/Student 60/codefellows/401/note/model/notes-collection.js","statementMap":{"0":{"start":{"line":4,"column":15},"end":{"line":4,"column":40}},"1":{"start":{"line":12,"column":4},"end":{"line":16,"column":5}},"2":{"start":{"line":13,"column":6},"end":{"line":13,"column":54}},"3":{"start":{"line":15,"column":6},"end":{"line":15,"column":35}},"4":{"start":{"line":20,"column":18},"end":{"line":20,"column":33}},"5":{"start":{"line":21,"column":4},"end":{"line":21,"column":35}},"6":{"start":{"line":22,"column":15},"end":{"line":22,"column":35}},"7":{"start":{"line":23,"column":4},"end":{"line":23,"column":16}},"8":{"start":{"line":29,"column":4},"end":{"line":29,"column":55}},"9":{"start":{"line":32,"column":4},"end":{"line":32,"column":41}},"10":{"start":{"line":37,"column":0},"end":{"line":37,"column":22}}},"fnMap":{"0":{"name":"(anonymous_0)","decl":{"start":{"line":8,"column":2},"end":{"line":8,"column":3}},"loc":{"start":{"line":8,"column":15},"end":{"line":8,"column":17}},"line":8},"1":{"name":"(anonymous_1)","decl":{"start":{"line":11,"column":2},"end":{"line":11,"column":3}},"loc":{"start":{"line":11,"column":21},"end":{"line":17,"column":3}},"line":11},"2":{"name":"(anonymous_2)","decl":{"start":{"line":19,"column":2},"end":{"line":19,"column":3}},"loc":{"start":{"line":19,"column":20},"end":{"line":24,"column":3}},"line":19},"3":{"name":"(anonymous_3)","decl":{"start":{"line":28,"column":2},"end":{"line":28,"column":3}},"loc":{"start":{"line":28,"column":26},"end":{"line":30,"column":3}},"line":28},"4":{"name":"(anonymous_4)","decl":{"start":{"line":31,"column":2},"end":{"line":31,"column":3}},"loc":{"start":{"line":31,"column":20},"end":{"line":33,"column":3}},"line":31}},"branchMap":{"0":{"loc":{"start":{"line":12,"column":4},"end":{"line":16,"column":5}},"type":"if","locations":[{"start":{"line":12,"column":4},"end":{"line":16,"column":5}},{"start":{"line":12,"column":4},"end":{"line":16,"column":5}}],"line":12}},"s":{"0":2,"1":4,"2":1,"3":3,"4":3,"5":3,"6":3,"7":1,"8":2,"9":2,"10":2},"f":{"0":2,"1":4,"2":3,"3":2,"4":2},"b":{"0":[1,3]},"_coverageSchema":"1a1c01bbd47fc00a2c39e90264f33305004495a9","hash":"d9a537f750ef5f2c76a6a565fa5e411f17099f6c"}
,"/mnt/c/Users/Student 60/codefellows/401/note/model/notes-schema.js": {"path":"/mnt/c/Users/Student 60/codefellows/401/note/model/notes-schema.js","statementMap":{"0":{"start":{"line":4,"column":17},"end":{"line":4,"column":36}},"1":{"start":{"line":6,"column":15},"end":{"line":9,"column":2}},"2":{"start":{"line":13,"column":0},"end":{"line":13,"column":50}}},"fnMap":{},"branchMap":{},"s":{"0":2,"1":2,"2":2},"f":{},"b":{},"_coverageSchema":"1a1c01bbd47fc00a2c39e90264f33305004495a9","hash":"b74cb713c67e0e1af60f01620494d6017d6e6b42"}
}
