TN:
SF:lib/input.js
FN:9,(anonymous_0)
FN:14,(anonymous_1)
FN:26,(anonymous_2)
FN:36,(anonymous_3)
FNF:4
FNH:3
FNDA:3,(anonymous_0)
FNDA:5,(anonymous_1)
FNDA:2,(anonymous_2)
FNDA:0,(anonymous_3)
DA:4,1
DA:10,3
DA:11,3
DA:15,5
DA:16,1
DA:17,4
DA:18,0
DA:19,4
DA:20,0
DA:21,4
DA:22,0
DA:24,4
DA:27,2
DA:28,0
DA:32,2
DA:37,0
DA:38,0
DA:40,0
DA:45,1
LF:19
LH:12
BRDA:15,0,0,1
BRDA:15,0,1,4
BRDA:15,1,0,5
BRDA:15,1,1,4
BRDA:16,2,0,1
BRDA:16,2,1,0
BRDA:17,3,0,0
BRDA:17,3,1,4
BRDA:19,4,0,0
BRDA:19,4,1,4
BRDA:21,5,0,0
BRDA:21,5,1,4
BRDA:21,6,0,4
BRDA:21,6,1,4
BRDA:22,7,0,0
BRDA:22,7,1,0
BRDA:26,8,0,0
BRDA:27,9,0,0
BRDA:27,9,1,2
BRDA:27,10,0,2
BRDA:27,10,1,0
BRDA:36,11,0,0
BRDA:37,12,0,0
BRDA:37,12,1,0
BRDA:37,13,0,0
BRDA:37,13,1,0
BRF:26
BRH:12
end_of_record
TN:
SF:lib/notes.js
FN:9,(anonymous_0)
FN:14,(anonymous_1)
FN:24,(anonymous_2)
FN:34,(anonymous_3)
FN:40,(anonymous_4)
FN:45,(anonymous_5)
FN:57,(anonymous_6)
FN:61,(anonymous_7)
FNF:8
FNH:1
FNDA:3,(anonymous_0)
FNDA:0,(anonymous_1)
FNDA:0,(anonymous_2)
FNDA:0,(anonymous_3)
FNDA:0,(anonymous_4)
FNDA:0,(anonymous_5)
FNDA:0,(anonymous_6)
FNDA:0,(anonymous_7)
DA:4,1
DA:6,1
DA:15,0
DA:16,0
DA:17,0
DA:18,0
DA:20,0
DA:21,0
DA:25,0
DA:26,0
DA:27,0
DA:29,0
DA:35,0
DA:41,0
DA:42,0
DA:46,0
DA:47,0
DA:48,0
DA:50,0
DA:52,0
DA:54,0
DA:60,0
DA:61,0
DA:62,0
DA:63,0
DA:66,0
DA:74,1
LF:27
LH:3
BRDA:15,0,0,0
BRDA:15,0,1,0
BRDA:17,1,0,0
BRDA:17,1,1,0
BRDA:20,2,0,0
BRDA:20,2,1,0
BRDA:48,3,0,0
BRDA:48,3,1,0
BRDA:60,4,0,0
BRDA:60,4,1,0
BRF:10
BRH:0
end_of_record
TN:
SF:model/notes-collection.js
FN:8,(anonymous_0)
FN:11,(anonymous_1)
FN:19,(anonymous_2)
FN:26,(anonymous_3)
FN:29,(anonymous_4)
FNF:5
FNH:3
FNDA:2,(anonymous_0)
FNDA:1,(anonymous_1)
FNDA:1,(anonymous_2)
FNDA:0,(anonymous_3)
FNDA:0,(anonymous_4)
DA:4,2
DA:12,1
DA:13,1
DA:15,0
DA:20,1
DA:21,1
DA:27,0
DA:30,0
DA:35,2
LF:9
LH:6
BRDA:12,0,0,1
BRDA:12,0,1,0
BRF:2
BRH:1
end_of_record
TN:
SF:model/notes-schema.js
FNF:0
FNH:0
DA:4,2
DA:6,2
DA:13,2
LF:3
LH:3
BRF:0
BRH:0
end_of_record
