TN:
SF:lib/input.js
FN:9,(anonymous_0)
FN:14,(anonymous_1)
FN:27,(anonymous_2)
FN:37,(anonymous_3)
FNF:4
FNH:3
FNDA:3,(anonymous_0)
FNDA:7,(anonymous_1)
FNDA:3,(anonymous_2)
FNDA:0,(anonymous_3)
DA:4,1
DA:10,3
DA:11,3
DA:15,7
DA:16,2
DA:17,5
DA:18,0
DA:19,5
DA:20,0
DA:21,5
DA:23,0
DA:25,5
DA:28,3
DA:29,3
DA:33,0
DA:38,0
DA:39,0
DA:40,0
DA:42,0
DA:48,1
LF:20
LH:12
BRDA:15,0,0,2
BRDA:15,0,1,5
BRDA:15,1,0,7
BRDA:15,1,1,6
BRDA:16,2,0,2
BRDA:16,2,1,1
BRDA:17,3,0,0
BRDA:17,3,1,5
BRDA:19,4,0,0
BRDA:19,4,1,5
BRDA:21,5,0,0
BRDA:21,5,1,5
BRDA:21,6,0,5
BRDA:21,6,1,5
BRDA:23,7,0,0
BRDA:23,7,1,0
BRDA:27,8,0,0
BRDA:28,9,0,3
BRDA:28,9,1,0
BRDA:28,10,0,3
BRDA:28,10,1,3
BRDA:37,11,0,0
BRDA:39,12,0,0
BRDA:39,12,1,0
BRDA:39,13,0,0
BRDA:39,13,1,0
BRF:26
BRH:14
end_of_record
TN:
SF:lib/notes.js
FN:9,(anonymous_0)
FN:14,(anonymous_1)
FN:26,(anonymous_2)
FN:36,(anonymous_3)
FN:42,(anonymous_4)
FN:48,(anonymous_5)
FN:61,(anonymous_6)
FN:65,(anonymous_7)
FNF:8
FNH:6
FNDA:9,(anonymous_0)
FNDA:4,(anonymous_1)
FNDA:2,(anonymous_2)
FNDA:2,(anonymous_3)
FNDA:2,(anonymous_4)
FNDA:3,(anonymous_5)
FNDA:0,(anonymous_6)
FNDA:0,(anonymous_7)
DA:4,1
DA:6,1
DA:15,4
DA:16,1
DA:17,3
DA:18,1
DA:20,2
DA:21,1
DA:22,1
DA:23,1
DA:27,2
DA:31,2
DA:37,2
DA:43,2
DA:44,2
DA:45,2
DA:49,3
DA:51,3
DA:52,3
DA:54,0
DA:56,3
DA:58,0
DA:64,0
DA:65,0
DA:66,0
DA:67,0
DA:68,0
DA:71,0
DA:79,1
LF:29
LH:21
BRDA:15,0,0,1
BRDA:15,0,1,3
BRDA:17,1,0,1
BRDA:17,1,1,2
BRDA:20,2,0,1
BRDA:20,2,1,1
BRDA:22,3,0,1
BRDA:22,3,1,0
BRDA:52,4,0,0
BRDA:52,4,1,3
BRDA:64,5,0,0
BRDA:64,5,1,0
BRF:12
BRH:8
end_of_record
TN:
SF:model/notes-collection.js
FN:8,(anonymous_0)
FN:11,(anonymous_1)
FN:19,(anonymous_2)
FN:28,(anonymous_3)
FN:31,(anonymous_4)
FNF:5
FNH:5
FNDA:2,(anonymous_0)
FNDA:4,(anonymous_1)
FNDA:3,(anonymous_2)
FNDA:2,(anonymous_3)
FNDA:2,(anonymous_4)
DA:4,2
DA:12,4
DA:13,1
DA:15,3
DA:20,3
DA:21,3
DA:22,3
DA:23,1
DA:29,2
DA:32,2
DA:37,2
LF:11
LH:11
BRDA:12,0,0,1
BRDA:12,0,1,3
BRF:2
BRH:2
end_of_record
TN:
SF:model/notes-schema.js
FNF:0
FNH:0
DA:4,2
DA:6,2
DA:13,2
LF:3
LH:3
BRF:0
BRH:0
end_of_record
